feature/pluginroot/build/outputs/logs/manifest-merger-debug-report.txt
-- Merging decision tree log ---
manifest
ADDED from feature/pluginroot/AndroidManifest.xml:1:1-5:12
	package
		ADDED from feature/pluginroot/AndroidManifest.xml:2:5-39
		INJECTED from feature/pluginroot/AndroidManifest.xml
		INJECTED from feature/pluginroot/AndroidManifest.xml
	android:versionName
		ADDED from feature/pluginroot/AndroidManifest.xml:4:5-30
		INJECTED from feature/pluginroot/AndroidManifest.xml
		INJECTED from feature/pluginroot/AndroidManifest.xml
	android:versionCode
		ADDED from feature/pluginroot/AndroidManifest.xml:3:5-28
		INJECTED from feature/pluginroot/AndroidManifest.xml
		INJECTED from feature/pluginroot/AndroidManifest.xml
	xmlns:android
		ADDED from feature/pluginroot/AndroidManifest.xml:1:11-69
uses-sdk
INJECTED from feature/pluginroot/AndroidManifest.xml reason: use-sdk injection requested
	android:targetSdkVersion
		INJECTED from feature/pluginroot/AndroidManifest.xml
		INJECTED from feature/pluginroot/AndroidManifest.xml
	android:minSdkVersion
		INJECTED from feature/pluginroot/AndroidManifest.xml
		INJECTED from feature/pluginroot/AndroidManifest.xml